<?xml version="1.0" encoding="UTF-8"?>
<testsuite name="custom.collections.queue.CustomImmutableQueueTests" tests="2" skipped="0" failures="0" errors="0" timestamp="2020-01-07T18:23:15" hostname="fn-mac-009" time="8.779">
  <properties/>
  <testcase name="longQueueTest" classname="custom.collections.queue.CustomImmutableQueueTests" time="8.779"/>
  <testcase name="queueOperationsTest" classname="custom.collections.queue.CustomImmutableQueueTests" time="0.0"/>
  <system-out><![CDATA[]]></system-out>
  <system-err><![CDATA[]]></system-err>
</testsuite>
